-------------------------------------------------------------------------------
Test set: com.logwire.LoginTest
-------------------------------------------------------------------------------
Tests run: 7, Failures: 0, Errors: 7, Skipped: 0, Time elapsed: 0.014 s <<< FAILURE! - in com.logwire.LoginTest
usernameCorrectPasswordInorrect  Time elapsed: 0 s  <<< ERROR!
java.lang.NullPointerException: Cannot invoke "org.openqa.selenium.WebDriver.manage()" because "this.driver" is null
	at com.logwire.LoginTest.setUp(LoginTest.java:53)

logincorrect{String, String}[1]  Time elapsed: 0 s  <<< ERROR!
java.lang.NullPointerException: Cannot invoke "org.openqa.selenium.WebDriver.manage()" because "this.driver" is null
	at com.logwire.LoginTest.setUp(LoginTest.java:53)

logincorrect{String, String}[2]  Time elapsed: 0 s  <<< ERROR!
java.lang.NullPointerException: Cannot invoke "org.openqa.selenium.WebDriver.manage()" because "this.driver" is null
	at com.logwire.LoginTest.setUp(LoginTest.java:53)

logincorrect{String, String}[3]  Time elapsed: 0.01 s  <<< ERROR!
java.lang.NullPointerException: Cannot invoke "org.openqa.selenium.WebDriver.manage()" because "this.driver" is null
	at com.logwire.LoginTest.setUp(LoginTest.java:53)

logincorrect{String, String}[4]  Time elapsed: 0 s  <<< ERROR!
java.lang.NullPointerException: Cannot invoke "org.openqa.selenium.WebDriver.manage()" because "this.driver" is null
	at com.logwire.LoginTest.setUp(LoginTest.java:53)

logincorrect{String, String}[5]  Time elapsed: 0 s  <<< ERROR!
java.lang.NullPointerException: Cannot invoke "org.openqa.selenium.WebDriver.manage()" because "this.driver" is null
	at com.logwire.LoginTest.setUp(LoginTest.java:53)

usernameIncorrectPasswordCorrect  Time elapsed: 0.004 s  <<< ERROR!
java.lang.NullPointerException: Cannot invoke "org.openqa.selenium.WebDriver.manage()" because "this.driver" is null
	at com.logwire.LoginTest.setUp(LoginTest.java:53)

