-------------------------------------------------------------------------------
Test set: com.logwire.ChekoutPageTest
-------------------------------------------------------------------------------
Tests run: 5, Failures: 1, Errors: 0, Skipped: 0, Time elapsed: 13.213 s <<< FAILURE! - in com.logwire.ChekoutPageTest
invalidContinuTest{String, String, String}[3]  Time elapsed: 5.008 s  <<< FAILURE!
org.opentest4j.AssertionFailedError: expected: <error-message-container error> but was: <null>
	at com.logwire.ChekoutPageTest.invalidContinuTest(ChekoutPageTest.java:111)

