<?xml version="1.0" encoding="UTF-8"?>
<testsuite xmlns:xsi="http://www.w3.org/2001/XMLSchema-instance" xsi:noNamespaceSchemaLocation="https://maven.apache.org/surefire/maven-surefire-plugin/xsd/surefire-test-report.xsd" name="com.logwire.ChekoutPageTest" time="15.214" tests="5" errors="1" skipped="0" failures="1">
  <properties>
[...]
</properties>
  <testcase name="invalidContinuTest{String, String, String}[1]" classname="com.logwire.ChekoutPageTest" time="2.733">
    <error message="Error communicating with the remote browser. It may have died.&#10;Build info: version: &apos;4.28.1&apos;, revision: &apos;73f5ad48a2&apos;&#10;System info: os.name: &apos;Windows 11&apos;, os.arch: &apos;amd64&apos;, os.version: &apos;10.0&apos;, java.version: &apos;23.0.2&apos;&#10;Driver info: org.openqa.selenium.chrome.ChromeDriver&#10;Command: [1d99ebd041b739df5471cd14bcc1a47e, sendKeysToElement [id, value]]&#10;Capabilities {acceptInsecureCerts: false, browserName: chrome, browserVersion: 133.0.6943.142, chrome: {chromedriverVersion: 133.0.6943.141 (2a5d6da0d61..., userDataDir: C:\Users\User\AppData\Local...}, fedcm:accounts: true, goog:chromeOptions: {debuggerAddress: localhost:59416}, networkConnectionEnabled: false, pageLoadStrategy: normal, platformName: windows, proxy: Proxy(), se:cdp: ws://localhost:59416/devtoo..., se:cdpVersion: 133.0.6943.142, setWindowRect: true, strictFileInteractability: false, timeouts: {implicit: 0, pageLoad: 300000, script: 30000}, unhandledPromptBehavior: dismiss and notify, webauthn:extension:credBlob: true, webauthn:extension:largeBlob: true, webauthn:extension:minPinLength: true, webauthn:extension:prf: true, webauthn:virtualAuthenticators: true}&#10;Element: [[ChromeDriver: chrome on windows (1d99ebd041b739df5471cd14bcc1a47e)] -&gt; id: first-name]&#10;Session ID: 1d99ebd041b739df5471cd14bcc1a47e" type="org.openqa.selenium.remote.UnreachableBrowserException">org.openqa.selenium.remote.UnreachableBrowserException: 
Error communicating with the remote browser. It may have died.
Build info: version: '4.28.1', revision: '73f5ad48a2'
System info: os.name: 'Windows 11', os.arch: 'amd64', os.version: '10.0', java.version: '23.0.2'
Driver info: org.openqa.selenium.chrome.ChromeDriver
Command: [1d99ebd041b739df5471cd14bcc1a47e, sendKeysToElement [id, value]]
Capabilities {acceptInsecureCerts: false, browserName: chrome, browserVersion: 133.0.6943.142, chrome: {chromedriverVersion: 133.0.6943.141 (2a5d6da0d61..., userDataDir: C:\Users\User\AppData\Local...}, fedcm:accounts: true, goog:chromeOptions: {debuggerAddress: localhost:59416}, networkConnectionEnabled: false, pageLoadStrategy: normal, platformName: windows, proxy: Proxy(), se:cdp: ws://localhost:59416/devtoo..., se:cdpVersion: 133.0.6943.142, setWindowRect: true, strictFileInteractability: false, timeouts: {implicit: 0, pageLoad: 300000, script: 30000}, unhandledPromptBehavior: dismiss and notify, webauthn:extension:credBlob: true, webauthn:extension:largeBlob: true, webauthn:extension:minPinLength: true, webauthn:extension:prf: true, webauthn:virtualAuthenticators: true}
Element: [[ChromeDriver: chrome on windows (1d99ebd041b739df5471cd14bcc1a47e)] -> id: first-name]
Session ID: 1d99ebd041b739df5471cd14bcc1a47e
	at com.logwire.ChekoutPageTest.invalidContinuTest(ChekoutPageTest.java:93)
Caused by: java.io.UncheckedIOException: java.io.IOException: HTTP/1.1 header parser received no bytes
Caused by: java.io.IOException: HTTP/1.1 header parser received no bytes
Caused by: java.io.IOException: HTTP/1.1 header parser received no bytes
Caused by: java.net.SocketException: Connection reset
</error>
    <system-err><![CDATA[mars 07, 2025 10:34:44 AM org.openqa.selenium.devtools.CdpVersionFinder findNearestMatch
WARNING: Unable to find an exact match for CDP version 133, returning the closest version; found: 132; Please update to a Selenium version that supports CDP version 133
]]></system-err>
  </testcase>
  <testcase name="invalidContinuTest{String, String, String}[2]" classname="com.logwire.ChekoutPageTest" time="2.28"/>
  <testcase name="invalidContinuTest{String, String, String}[3]" classname="com.logwire.ChekoutPageTest" time="5.404">
    <failure message="expected: &lt;error-message-container error&gt; but was: &lt;null&gt;" type="org.opentest4j.AssertionFailedError"><![CDATA[org.opentest4j.AssertionFailedError: expected: <error-message-container error> but was: <null>
	at com.logwire.ChekoutPageTest.invalidContinuTest(ChekoutPageTest.java:104)
]]></failure>
    <system-err><![CDATA[mars 07, 2025 10:34:49 AM org.openqa.selenium.devtools.CdpVersionFinder findNearestMatch
WARNING: Unable to find an exact match for CDP version 133, returning the closest version; found: 132; Please update to a Selenium version that supports CDP version 133
]]></system-err>
  </testcase>
  <testcase name="invalidContinuTest{String, String, String}[4]" classname="com.logwire.ChekoutPageTest" time="2.393"/>
  <testcase name="valideCheckoutTest" classname="com.logwire.ChekoutPageTest" time="2.328"/>
</testsuite>